Build started 12/23/2014 2:53:33 AM.
     1>Project "C:\Projects\lozlll\engine\engine.vcxproj" on node 2 (build target(s)).
     1>InitializeBuildStatus:
         Creating "Debug\Engine.unsuccessfulbuild" because "AlwaysCreate" was specified.
       ClCompile:
         C:\Program Files (x86)\Microsoft Visual Studio 10.0\VC\bin\CL.exe /c /ZI /nologo /W3 /WX- /Od /Oy- /D _MBCS /D GLEW_STATIC /D _MBCS /Gm /EHsc /RTC1 /MDd /GS /fp:precise /Zc:wchar_t /Zc:forScope /Fo"Debug\\" /Fd"Debug\vc100.pdb" /Gd /TP /wd4996 /analyze- /errorReport:prompt entity.c files.c
         files.c
         entity.c
     1>c:\projects\lozlll\engine\entity.c(433): warning C4101: 'x' : unreferenced local variable
     1>c:\projects\lozlll\engine\entity.c(433): warning C4101: 'i' : unreferenced local variable
         Generating Code...
       Link:
         C:\Program Files (x86)\Microsoft Visual Studio 10.0\VC\bin\link.exe /ERRORREPORT:PROMPT /OUT:"C:\Projects\lozlll\Debug\Engine.exe" /NOLOGO kernel32.lib user32.lib gdi32.lib winspool.lib comdlg32.lib advapi32.lib shell32.lib ole32.lib oleaut32.lib uuid.lib odbc32.lib odbccp32.lib glew32s.lib SDL2.lib SDL2main.lib openGL32.lib glu32.lib sdl2_image.lib chipmunk.lib kernel32.lib user32.lib gdi32.lib winspool.lib comdlg32.lib advapi32.lib shell32.lib ole32.lib oleaut32.lib uuid.lib odbc32.lib odbccp32.lib /MANIFEST /ManifestFile:"Debug\Engine.exe.intermediate.manifest" /MANIFESTUAC:"level='asInvoker' uiAccess='false'" /DEBUG /PDB:"C:\Projects\lozlll\Debug\Engine.pdb" /SUBSYSTEM:CONSOLE /TLBID:1 /DYNAMICBASE /NXCOMPAT /IMPLIB:"C:\Projects\lozlll\Debug\Engine.lib" /MACHINE:X86 Debug\ai.obj
         Debug\engine.obj
         Debug\entity.obj
         Debug\files.obj
         Debug\graphic.obj
         Debug\light.obj
         Debug\main.obj
         Debug\map.obj
         Debug\renderbatch.obj
         Debug\shader.obj
         Debug\sprite.obj
         LINK : C:\Projects\lozlll\Debug\Engine.exe not found or not built by the last incremental link; performing full link
     1>LINK : warning LNK4098: defaultlib 'LIBCMT' conflicts with use of other libs; use /NODEFAULTLIB:library
     1>MSVCRTD.lib(cinitexe.obj) : warning LNK4098: defaultlib 'msvcrt.lib' conflicts with use of other libs; use /NODEFAULTLIB:library
     1>glew32s.lib(glew.obj) : warning LNK4099: PDB 'vc120.pdb' was not found with 'glew32s.lib(glew.obj)' or at 'C:\Projects\lozlll\Debug\vc120.pdb'; linking object as if no debug info
         engine.vcxproj -> C:\Projects\lozlll\Debug\Engine.exe
       Manifest:
         C:\Program Files (x86)\Microsoft SDKs\Windows\v7.0A\bin\mt.exe /nologo /verbose /outputresource:"C:\Projects\lozlll\Debug\Engine.exe;#1" /manifest Debug\Engine.exe.intermediate.manifest
       FinalizeBuildStatus:
         Deleting file "Debug\Engine.unsuccessfulbuild".
         Touching "Debug\Engine.lastbuildstate".
     1>Done Building Project "C:\Projects\lozlll\engine\engine.vcxproj" (build target(s)).

Build succeeded.

Time Elapsed 00:00:01.28
