C:\PROJECTS\LOZLLL\DEBUG\ENGINE.EXE
C:\PROJECTS\LOZLLL\DEBUG\ENGINE.ILK
C:\PROJECTS\LOZLLL\DEBUG\ENGINE.PDB
C:\PROJECTS\LOZLLL\ENGINE\DEBUG\AI.OBJ
C:\Projects\lozlll\engine\Debug\cl.command.1.tlog
C:\Projects\lozlll\engine\Debug\CL.read.1.tlog
C:\Projects\lozlll\engine\Debug\CL.write.1.tlog
C:\PROJECTS\LOZLLL\ENGINE\DEBUG\ENGINE.EXE.INTERMEDIATE.MANIFEST
C:\PROJECTS\LOZLLL\ENGINE\DEBUG\ENGINE.OBJ
C:\Projects\lozlll\engine\Debug\engine.vcxprojResolveAssemblyReference.cache
C:\Projects\lozlll\engine\Debug\Engine.write.1.tlog
C:\PROJECTS\LOZLLL\ENGINE\DEBUG\ENTITY.OBJ
C:\PROJECTS\LOZLLL\ENGINE\DEBUG\FILES.OBJ
C:\PROJECTS\LOZLLL\ENGINE\DEBUG\GRAPHIC.OBJ
C:\PROJECTS\LOZLLL\ENGINE\DEBUG\LIGHT.OBJ
C:\Projects\lozlll\engine\Debug\link.command.1.tlog
C:\Projects\lozlll\engine\Debug\link.read.1.tlog
C:\Projects\lozlll\engine\Debug\link.write.1.tlog
C:\PROJECTS\LOZLLL\ENGINE\DEBUG\MAIN.OBJ
C:\PROJECTS\LOZLLL\ENGINE\DEBUG\MAP.OBJ
C:\Projects\lozlll\engine\Debug\mt.command.1.tlog
C:\Projects\lozlll\engine\Debug\mt.read.1.tlog
C:\Projects\lozlll\engine\Debug\mt.write.1.tlog
C:\PROJECTS\LOZLLL\ENGINE\DEBUG\RENDERBATCH.OBJ
C:\PROJECTS\LOZLLL\ENGINE\DEBUG\SHADER.OBJ
C:\PROJECTS\LOZLLL\ENGINE\DEBUG\SPRITE.OBJ
C:\Projects\lozlll\engine\Debug\vc100.idb
C:\PROJECTS\LOZLLL\ENGINE\DEBUG\VC100.PDB
