C:\PROJECTS\LOZLLL\DEBUG\LOZLLL.EXE
C:\PROJECTS\LOZLLL\DEBUG\LOZLLL.ILK
C:\PROJECTS\LOZLLL\DEBUG\LOZLLL.PDB
C:\projects\lozlll\lozlll\Debug\cl.command.1.tlog
C:\projects\lozlll\lozlll\Debug\CL.read.1.tlog
C:\projects\lozlll\lozlll\Debug\CL.write.1.tlog
C:\PROJECTS\LOZLLL\LOZLLL\DEBUG\ENGINE.OBJ
C:\PROJECTS\LOZLLL\LOZLLL\DEBUG\ENTITY.OBJ
C:\PROJECTS\LOZLLL\LOZLLL\DEBUG\GRAPHIC.OBJ
C:\projects\lozlll\lozlll\Debug\link.command.1.tlog
C:\projects\lozlll\lozlll\Debug\link.read.1.tlog
C:\projects\lozlll\lozlll\Debug\link.write.1.tlog
C:\PROJECTS\LOZLLL\LOZLLL\DEBUG\LOZLLL.EXE.INTERMEDIATE.MANIFEST
C:\projects\lozlll\lozlll\Debug\lozlll.vcxprojResolveAssemblyReference.cache
C:\projects\lozlll\lozlll\Debug\lozlll.write.1.tlog
C:\PROJECTS\LOZLLL\LOZLLL\DEBUG\MAIN.OBJ
C:\projects\lozlll\lozlll\Debug\mt.command.1.tlog
C:\projects\lozlll\lozlll\Debug\mt.read.1.tlog
C:\projects\lozlll\lozlll\Debug\mt.write.1.tlog
C:\PROJECTS\LOZLLL\LOZLLL\DEBUG\SHADER.OBJ
C:\PROJECTS\LOZLLL\LOZLLL\DEBUG\SPRITE.OBJ
C:\projects\lozlll\lozlll\Debug\vc100.idb
C:\PROJECTS\LOZLLL\LOZLLL\DEBUG\VC100.PDB
