Build started 10/19/2014 3:51:56 PM.
     1>Project "C:\projects\gq\lozlll\lozlll.vcxproj" on node 2 (build target(s)).
     1>InitializeBuildStatus:
         Touching "Debug\Engine.unsuccessfulbuild".
       ClCompile:
         C:\Program Files (x86)\Microsoft Visual Studio 10.0\VC\bin\CL.exe /c /ZI /nologo /W3 /WX- /Od /Oy- /D _MBCS /D GLEW_STATIC /D _MBCS /Gm /EHsc /RTC1 /MDd /GS /fp:precise /Zc:wchar_t /Zc:forScope /Fo"Debug\\" /Fd"Debug\vc100.pdb" /Gd /TC /analyze- /errorReport:prompt renderbatch.cpp
         renderbatch.cpp
       Link:
         C:\Program Files (x86)\Microsoft Visual Studio 10.0\VC\bin\link.exe /ERRORREPORT:PROMPT /OUT:"C:\projects\gq\Debug\Engine.exe" /NOLOGO kernel32.lib user32.lib gdi32.lib winspool.lib comdlg32.lib advapi32.lib shell32.lib ole32.lib oleaut32.lib uuid.lib odbc32.lib odbccp32.lib glew32s.lib SDL2.lib SDL2main.lib openGL32.lib glu32.lib sdl2_image.lib kernel32.lib user32.lib gdi32.lib winspool.lib comdlg32.lib advapi32.lib shell32.lib ole32.lib oleaut32.lib uuid.lib odbc32.lib odbccp32.lib /MANIFEST /ManifestFile:"Debug\Engine.exe.intermediate.manifest" /MANIFESTUAC:"level='asInvoker' uiAccess='false'" /DEBUG /PDB:"C:\projects\gq\Debug\Engine.pdb" /SUBSYSTEM:CONSOLE /TLBID:1 /DYNAMICBASE /NXCOMPAT /IMPLIB:"C:\projects\gq\Debug\Engine.lib" /MACHINE:X86 Debug\engine.obj
         Debug\entity.obj
         Debug\graphic.obj
         Debug\main.obj
         Debug\renderbatch.obj
         Debug\shader.obj
         Debug\sprite.obj
         LINK : C:\projects\gq\Debug\Engine.exe not found or not built by the last incremental link; performing full link
     1>LINK : warning LNK4098: defaultlib 'LIBCMT' conflicts with use of other libs; use /NODEFAULTLIB:library
     1>glew32s.lib(glew.obj) : warning LNK4099: PDB 'vc120.pdb' was not found with 'glew32s.lib(glew.obj)' or at 'C:\projects\gq\Debug\vc120.pdb'; linking object as if no debug info
     1>SDL2main.lib(SDL_windows_main.obj) : warning LNK4099: PDB 'vc100.pdb' was not found with 'SDL2main.lib(SDL_windows_main.obj)' or at 'C:\projects\gq\Debug\vc100.pdb'; linking object as if no debug info
         lozlll.vcxproj -> C:\projects\gq\Debug\Engine.exe
       Manifest:
         C:\Program Files (x86)\Microsoft SDKs\Windows\v7.0A\bin\mt.exe /nologo /verbose /outputresource:"C:\projects\gq\Debug\Engine.exe;#1" /manifest Debug\Engine.exe.intermediate.manifest
       FinalizeBuildStatus:
         Deleting file "Debug\Engine.unsuccessfulbuild".
         Touching "Debug\Engine.lastbuildstate".
     1>Done Building Project "C:\projects\gq\lozlll\lozlll.vcxproj" (build target(s)).

Build succeeded.

Time Elapsed 00:00:03.46
